[  00000 Itilizing cgroup subsys puet[   .000] Iniazig coususy c
   0.000] nitilinggrousuyscpuacc
  0.0000 Lux version 4.4.0-10-ger (buddcy01-a6401 (gcc eron5.4 26009 (untu 4.-6ubtu16.04.5) ) #126-Ubuntu SMP Mon Dec 4 16:23:28 UTC 2017 (Ubuntu 4.103126-neic.4.98
[    0.000000 Cmad line: BOTMA=/boot/vmlinuz-4.4.0-103-generic root=UUID=a3f91fc3-3067-43d1-b704-7b1ab3a66579 ro console=tty1 console=ttyS0
[    0.000000] KERNEL supported cpus:
[    0.000000]   Intel GenuineIntel
[    0.000000]   AMD AuthenticAMD
[    0.000000]   Centaur CentaurHauls
[    0.000000] x86/fpu: xstate_offset[2]:  576, xstate_sizes[2]:  256
[    0.000000] x86/fpu: Supporting XSAVE feature 0x01: 'x87 floating point registers'
[    0.000000] x86/fpu: Supporting XSAVE feature 0x02: 'SSE registers'
[    0.000000] x86/fpu: Supporting XSAVE feature 0x04: 'AVX registers'
[    0.000000] x86/fpu: Enabled xstate features 0x7, context size is 832 bytes, using 'standard' format.
[   00000] 6/u: Usin 'zyFPU cte sitch.[    0000] 820:IOprovedhyicalAMap:
[    0.000] BS-20 [em0x000000000-x00000009fbf] abe
[  .00000BI-e20: emx00000000009fc0-0000000009ff rserved
[    0.000 BOS-e8: em0x000000f0000x00000000fff rseed[   0.000]BIO-e820: [mem 0x0000000000100000-0x000000007ffeffff] usable
[    0.000000] BIOS-e820: [mem 0x000000007fff0000-0x000000007fffffff] ACP da
[    0.000000] BIOS-e820: [mem 0x00000000fec00000-0x00000000fec00fff] reserved
[    0.000000] BIOS-e820: [mem 0x000000ee00000x00000f00ff] seed
  0.0000 BS-820:me0x00000ff00000x0000ffff] eserved[  0000000] NX (Execute Disable) protection: active
[    0.000000] SMBIO 2. pset.
[    0.000000] Hypervisor detected: KVM
[    0.000000] e820: last_pfn = 0x7fff0 max_arch_pfn = 0x400000000
[    0.000000] MTRR: Disabled
[    0.000000] x86/PAT: MTRRs disabled, skipping PAT niiazaion o.[   .000] CP MRsll blnk- rtaledsyem.[   .000000 x/P: Coigaton [7]WB  WT  UC- UC  WB  WT  UC- UC  
[    0.000000] found SMP MP-table at [mem 0x0009fff0-0x0009ffff] mapped at [ffff88000009fff0]
[    0.000000] Scanning 1 areas for low memory corruption
[    0.000000] RMDK:[me 04ca00-0x62ff]
[    0.000000] ACPI: Early table checksum verification disabled
[    0.000000] ACPI: RSDP 0x00000000000E0000 000024 (v02 VBOX  )
[    0.000000] ACPI: XSDT 0x000000007FFF0030 00003C (v01 VBOX   VBOXXSDT 00000001 ASL  00000061)
[    0.000000] ACPI: FACP 0x000000007FFF00F0 0000F4 (v04 VBOX  OXCP 0001 SL  0006
[   .0000]ACI:DS 0x000000FF470 21 (02 VX VBXBIO00002 NTL 20100528)
[    00000] ACPI: FACS 0000007FF02 00040
[   .000] ACP FS x00000FF0200 000040
[    0.000000] ACPI: APIC 0x000000007FFF0240 00005C (v02 VBOX   VBOXAPIC 00000001 ASL  00000061)
[    0.000000] ACPI: SSDT 0x000000007FFF02A0 0001CC (v01 VBOX   VBOXCPUT 00000002 INTL 20100528)
[    0.000000] No NUMA configuration found
[    0.000000] Faking a node at [mem 0x0000000000000000-0x000000007ffeffff]
[    0.000000] NODE_DATA(0) allocated [mem 0x7ffeb000-0x7ffeffff]
[    0.000000] kvm-clock: Using msrs 4b564d01 and 4b564d00
[    0.0000]vm-cckcp 0, r 7ffe00, imry c cck
[  0.000] k-cockusinscedoffset of 416865403 cycs[   .0000] cocouce: m-coc: ma: 0xffffffffffffff max_cycles: x142dffb, max_idle_ns:88901483s    0000 Zoneraes
[    0.000000]   DMA      [mem 0x0000000000001000-0x0000000000ffffff]
[    0.0000  MA32  em 0x00001000000-0x000000007ffeffff]
[    0.000000]   Normal   empty
[    0.000000]   Device   empty
[    0.000000] Movable zone start for each node
[    0.000000] Early memory node ranges
[    0.000000]   node   0: [m 0000000000000x000000009ff]   00000] noe  : em0x00000000000-00000007efff
  0.00000] Initmm etpp nod0 em 0x00000001000-0x00007fff]
[  0.000]AC: M-imerO rt 0x48[   .000] IOPI0]apic_i2,erio32adressxfc0000,SI-2
[  0.000]AC: INT_SRC_OVR (bus 0 bus_rq0 glalrq2 dfl dfl)
[  000000 AI:NT_S_O (us 0bus_q 9 lol_rq9 loleel
[  00000Usg CPI AD fr SMcoiguraioinrmaton
[    0.000000] smpboot: Allowing 2 CPUs, 0 hotplug CPUs
[    0.000] PM Riserd sa memy:me 0x0000-x0000ff
[   .0000] PM:egteednoavmeory:[m 0000f00-x000ffff
[    0.000000] PM: Registered novememoy:[mm x00a0000x0efff]
  0.000] : egistednoavemeor [em 0x0f000x00ff]
[  00000] e820: [mem 0x80000000-0xfebfffff] available for PCI devices
[    0.000000] Boinparairalze kerl  KM
[  00000] ocourc rfid-jiie msk: 0xfffff axyes 0xffff,maid_ns 764196002168ns
  0.0000] setup_percpu: NR_CPUS:512 nr_cpumask_bits:512 nr_cpu_ids:2 nr_node_ids:1
[    0.000000] PERU:mbedded 33 pages/cpu @ffff88007fc00000 s98200 r19d276 u1057
[    0.000000] PV qspinlock hah blentris:56order 040 byt)    0000 Blt znelstinode order, mobility grouping on.  Total pages: 515961
[    0.000000] Policy zone: DMA32
[    0.000000] Kernel command line: BOOT_IMAGE=/boot/vmlinuz-4.4.0-103-generic root=UUID=a3f91fc3-3067-43d1-b704-7b1ab3a66579 ro console=tty1 console=ttyS0
[   00000] PID hash table entries 46 orer3,2768yt)
[   00000] mo: 2035/29669 ailable (8485K kernel code, 1295K rwdata, 3988K rodata, 1492K init, 1316K bss, 78344K reserved, 0K cma-reserved)
[    0.000000] SLUB: HWalign=64, Order=0-3, MinObjects=0, CPUs=2, Nodes=1
[    0.000000] Hierarchical RCU implementation.
[    0.000000] 	Build-time adjustment of leaf fanout to 64.
[    0.000000] 	RCU restricting CPUs from NR_CPUS=512 to nr_cpu_ids=2.
[    0.000000] RCU: Adjusting geometry for rcu_fanout_leaf=64, nr_cpu_ids=2
[    0.000000] NR_IRQS:33024 nr_irqs:440 16
[    0.000000] Console: colour VGA+ 80x25
[    0.000000] console [tty1] enabled
[    0.000000] console [ttyS0] enabled
[    0.000000] tsc: Detected 3300.002 MHz processor
[   11.091043] Calibrating delay loop (skipped) preset value.. 6600.00 BogoMIPS (lpj=13200008)
[   11.116236] pid_max: default: 32768 minimum: 301
[   11.116939] ACPI: Core revision 20150930
[   11.118438] ACPI: 2 ACPI AML tables successfully acquired and loaded
[   11.191703] Security Framework initialized
[   11.225203] Yama: becoming mindful.
[   11.225780] AppArmor: AppArmor initialized
[   11.227290] Dentry cache hash table entries: 262144 (order: 9, 2097152 bytes)
[   11.251957] Inode-cache hash table entries: 131072 (order: 8, 1048576 bytes)
[   11.275563] Mount-cache hash table entries: 4096 (order: 3, 32768 bytes)
[   11.303507] Mountpoint-cache hash table entries: 4096 (order: 3, 32768 bytes)
[   11.328361] Initializing cgroup subsys io
[   11.329024] Initializing cgroup subsys memory
[   11.329688] Initializing cgroup subsys devices
[   11.330397] Initializing cgroup subsys freezer
[   11.331087] Initializing cgroup subsys net_cls
[   11.331754] Initializing cgroup subsys perf_event
[   11.332486] Initializing cgroup subsys net_prio
[   11.333173] Initializing cgroup subsys hugetlb
[   11.340378] Initializing cgroup subsys pids
[   11.341130] CPU: Physical Processor ID: 0
[   11.400966] CPU: Processor Core ID: 0
[   11.443590] mce: CPU supports 0 MCE banks
[   11.529342] Last level iTLB entries: 4KB 1024, 2MB 1024, 4MB 1024
[   11.611776] Last level dTLB entries: 4KB 1024, 2MB 1024, 4MB 1024, 1GB 4
[   11.629560] Freeing SMP alternatives memory: 32K
[   11.757823] ftrace: allocating 32158 entries in 126 pages
[   11.844689] smpboot: APIC(0) Converting physical 0 to logical package 0
[   11.867982] smpboot: Max logical packages: 1
[   11.868890] x2apic enabled
[   11.895358] Switched APIC routing to physical x2apic.
[   11.896991] ..TIMER: vector=0x30 apic1=0 pin1=2 apic2=-1 pin2=-1
[   12.030600] smpboot: CPU0: Intel(R) Core(TM) i5-4590 CPU @ 3.30GHz (family: 0x6, model: 0x3c, stepping: 0x3)
[   12.203483] Performance Events: unsupported p6 CPU model 60 no PMU driver, software events only.
[   12.356847] KVM setup paravirtual spinlock
[   12.402966] x86: Booting SMP configuration:
[   12.457433] .... node  #0, CPUs:      #1
[   12.458105] kvm-clock: cpu 1, msr 0:7ffe3041, secondary cpu clock
[   12.459510] mce: CPU supports 0 MCE banks
[   12.461904] x86: Booted up 1 node, 2 CPUs
[   12.468789] smpboot: Total of 2 processors activated (13200.00 BogoMIPS)
[   12.619362] devtmpfs: initialized
[   12.686646] evm: security.selinux
[   12.688749] evm: security.SMACK64
[   12.689287] evm: security.SMACK64EXEC
[   12.691027] evm: security.SMACK64TRANSMUTE
[   12.691773] evm: security.SMACK64MMAP
[   12.736775] evm: security.ima
[   12.747661] evm: security.capability
[   12.748423] clocksource: jiffies: mask: 0xffffffff max_cycles: 0xffffffff, max_idle_ns: 7645041785100000 ns
[   12.760298] futex hash table entries: 512 (order: 3, 32768 bytes)
[   12.761223] pinctrl core: initialized pinctrl subsystem
[   12.786399] RTC time: 20:38:26, date: 12/23/17
[   12.787200] NET: Registered protocol family 16
[   12.827867] cpuidle: using governor ladder
[   12.866811] cpuidle: using governor menu
[   12.879746] PCCT header not found.
[   12.880352] ACPI: bus type PCI registered
[   12.886840] acpiphp: ACPI Hot Plug PCI Controller Driver version: 0.5
[   12.887789] PCI: Using configuration type 1 for base access
[   12.899196] ACPI: Added _OSI(Module Device)
[   12.903260] ACPI: Added _OSI(Processor Device)
[   12.926726] ACPI: Added _OSI(3.0 _SCP Extensions)
[   12.927405] ACPI: Added _OSI(Processor Aggregator Device)
[   12.928668] ACPI: Executed 1 blocks of module-level executable AML code
[   12.931825] ACPI: Interpreter enabled
[   12.955254] ACPI: (supports S0 S5)
[   12.955791] ACPI: Using IOAPIC for interrupt routing
[   12.956604] PCI: Using host bridge windows from ACPI; if necessary, use "pci=nocrs" and report a bug
[   12.970403] ACPI: PCI Root Bridge [PCI0] (domain 0000 [bus 00-ff])
[   13.066695] acpi PNP0A03:00: _OSC: OS supports [ASPM ClockPM Segments MSI]
[   13.193074] acpi PNP0A03:00: _OSC: not requesting OS control; OS requires [ExtendedConfig ASPM ClockPM MSI]
[   13.279237] acpi PNP0A03:00: fail to add MMCONFIG information, can't access extended PCI configuration space under this bridge.
[   13.415055] PCI host bridge to bus 0000:00
[   13.504150] pci_bus 0000:00: root bus resource [io  0x0000-0x0cf7 window]
[   13.619076] pci_bus 0000:00: root bus resource [io  0x0d00-0xffff window]
[   13.738256] pci_bus 0000:00: root bus resource [mem 0x000a0000-0x000bffff window]
[   13.823395] pci_bus 0000:00: root bus resource [mem 0x80000000-0xfdffffff window]
[   13.903257] pci_bus 0000:00: root bus resource [bus 00-ff]
[   13.946214] pci 0000:00:01.1: legacy IDE quirk: reg 0x10: [io  0x01f0-0x01f7]
[   13.947179] pci 0000:00:01.1: legacy IDE quirk: reg 0x14: [io  0x03f6]
[   13.948072] pci 0000:00:01.1: legacy IDE quirk: reg 0x18: [io  0x0170-0x0177]
[   13.949002] pci 0000:00:01.1: legacy IDE quirk: reg 0x1c: [io  0x0376]
[   13.973724] pci 0000:00:07.0: quirk: [io  0x4000-0x403f] claimed by PIIX4 ACPI
[   13.996434] pci 0000:00:07.0: quirk: [io  0x4100-0x410f] claimed by PIIX4 SMB
[   14.005547] ACPI: PCI Interrupt Link [LNKA] (IRQs 5 9 10 *11)
[   14.120130] ACPI: PCI Interrupt Link [LNKB] (IRQs 5 9 *10 11)
[   14.199306] ACPI: PCI Interrupt Link [LNKC] (IRQs 5 *9 10 11)
[   14.200468] ACPI: PCI Interrupt Link [LNKD] (IRQs 5 9 10 *11)
[   14.211937] ACPI: Enabled 2 GPEs in block 00 to 07
[   14.278227] vgaarb: setting as boot device: PCI:0000:00:02.0
[   14.384488] vgaarb: device added: PCI:0000:00:02.0,decodes=io+mem,owns=io+mem,locks=none
[   14.390904] vgaarb: loaded
[   14.391365] vgaarb: bridge control possible 0000:00:02.0
[   14.412702] SCSI subsystem initialized
[   14.532768] ACPI: bus type USB registered
[   14.634695] usbcore: registered new interface driver usbfs
[   14.653148] usbcore: registered new interface driver hub
[   14.680335] usbcore: registered new device driver usb
[   14.748641] PCI: Using ACPI for IRQ routing
[   14.776900] NetLabel: Initializing
[   14.818810] NetLabel:  domain hash size = 128
[   14.886528] NetLabel:  protocols = UNLABELED CIPSOv4
[   14.976110] NetLabel:  unlabeled traffic allowed by default
[   14.988178] amd_nb: Cannot enumerate AMD northbridges
[   14.999170] clocksource: Switched to clocksource kvm-clock
[   5.048 AArr:ppmoFisyemnaed
[ 15231]npPnACPIinit  5.96] p:nPCP fnd dic
[   16.360182] clocksource: acpi_pm: mask: 0xffffff max_cycles: 0xffffff, max_idle_ns: 2085701024 ns
[   16.361533] NET: Registered protocol family 2
[   16.389587] TCP established hash table entries: 16384 (order: 5, 131072 bytes)
[   16.390733] TCP bind hash table entries: 16384 (order: 6, 262144 bytes)
[   16.398843] TCP: Hash tables configured (established 16384 bind 16384)
[   16.399704] UDP hash table entries: 1024 (order: 3, 32768 bytes)
[   16.400514] UDP-Lite hash table entries: 1024 (order: 3, 32768 bytes)
[   16.401453] NET: Registered protocol family 1
[   16.409645] pci 0000:00:00.0: Limiting direct PCI/PCI transfers
[   16.417473] pci 0000:00:01.0: Activating ISA DMA hang workarounds
[   16.418522] Unpacking initramfs...
[  16.55] eeg itr mor 212
[  12259RA P decd,PIun i2^2 ul, 4 fedounrs074180 s flim
  8.48]  ut  daippco 2-0 Joules
[   18.728027] hw unit of domain package 2^-0 Joules
[   18.795231] hw unit of domain dram 2^-0 Joules
[   18.795904] hw unit of domain pp1-gpu 2^-0 Joules
[   18.796640] platform rtc_cmos: registered platform RTC device (no PNP device found)
[   18.797809] Scanning for low memory corruption every 60 secons
[   18.827095] audit: initializing netlink subsys (disabled)
[   18.889347] audit: type=2000 audit(1514061504.412:1): initialized
[   18.890412] Initialise system trusted keyring
[   18.891376] HugeTLB registered 2 MB page size, pre-allocated 0 pages
[   19.037288] zbud: loaded
[   19.076277] VFS: Disk quotas dquot_6.6.0
[   .154] S:qu-cheastale entris:12orr  46 btes)[ 19691]scReneTSclocksourcecabrio 30.4 z
[   20.520632] clocksource: tsc: mask: 0xffffffffffffffff max_cycles: 0x2f9232b0f70, max_idle_ns: 440795235479 ns
[   .522 sass:ersi 4 (091/) ilp ugr
[   20.521433] fuse init (API version 7.23)
[   20.521535] Key type big_key registered
[   20.521554] Allocating IMA MOK and blacklist keyrings.
[   20.521764] Key type asymmetric registered
[   20.521766] Asymmetric key parser 'x509' registered
[   20.521803] Block layer SCSI generic (bsg) driver version 0.4 loaded (major 249)
[   20.521828] io scheduler noop registered
[   20.521830] io scheduler deadline registered (default)
[   20.521851] io scheduler cfq registered
[   20.521923] pci_hotplug: PCI Hot Plug PCI Core version: 0.5
[   20.521926] pciehp: PCI Express Hot Plug Controller Driver version: 0.4
[   20.522031] ACPI: AC Adapter [AC] (on-line)
[   20.522072] input: Power Button as /devices/LNXSYSTM:00/LNXPWRBN:00/input/input0
[   20.522075] ACPI: Power Button [PWRF]
[   20.522134] input: Sleep Button as /devices/LNXSYSTM:00/LNXSLPBN:00/input/input1
[   20.522136] ACPI: Sleep Button [SLPF]
[   20.522241] GHES: HEST is not enabled!
[   20.522308] Serial: 8250/16550 driver, 32 ports, IRQ sharing enabled
[   20.544392] 00:02: ttyS0 at I/O 0x3f8 (irq = 4, base_baud = 115200) is a 16550A
[   21.221634] Linux agpgart interface v0.103
[   21.245859] loop: module loaded
[   21.246277] scsi host0: ata_piix
[   21.246319] scsi host1: ata_piix
[   21.246342] ata1: PATA max UDMA/33 cmd 0x1f0 ctl 0x3f6 bmdma 0xd000 irq 14
[   21.246343] ata2: PATA max UDMA/33 cmd 0x170 ctl 0x376 bmdma 0xd008 irq 15
[   21.246433] libphy: Fixed MDIO Bus: probed
[   21.246435] tun: Universal TUN/TAP device driver, 1.6
[   21.246436] tun: (C) 1999-2004 Max Krasnyansky <maxk@qualcomm.com>
[   21.246465] PPP generic driver version 2.4.2
[   21.246504] ehci_hcd: USB 2.0 'Enhanced' Host Controller (EHCI) Driver
[   21.246507] ehci-pci: EHCI PCI platform driver
[   21.246514] ehci-platform: EHCI generic platform driver
[   21.246519] ohci_hcd: USB 1.1 'Open' Host Controller (OHCI) Driver
[   21.246522] ohci-pci: OHCI PCI platform driver
[   21.246528] ohci-platform: OHCI generic platform driver
[   21.246534] uhci_hcd: USB Universal Host Controller Interface driver
[   21.246572] i8042: PNP: PS/2 Controller [PNP0303:PS2K,PNP0f03:PS2M] at 0x60,0x64 irq 1,12
[   21.269943] serio: i8042 KBD port at 0x60,0x64 irq 1
[   21.269948] serio: i8042 AUX port at 0x60,0x64 irq 12
[   21.270058] mousedev: PS/2 mouse device common for all mice
[   21.270278] rtc_cmos rtc_cmos: rtc core: registered rtc_cmos as rtc0
[   21.270320] rtc_cmos rtc_cmos: alarms up to one day, 114 bytes nvram
[   21.270325] i2c /dev entries driver
[   21.270364] device-mapper: uevent: version 1.0.3
[   21.270415] device-mapper: ioctl: 4.34.0-ioctl (2015-10-28) initialised: dm-devel@redhat.com
[   21.270428] ledtrig-cpu: registered to indicate activity on CPUs
[   21.270630] NET: Registered protocol family 10
[   21.270735] NET: Registered protocol family 17
[   21.270743] Key type dns_resolver registered
[   21.279299] microcode: CPU0 sig=0x306c3, pf=0x40, revision=0x0
[   21.279322] microcode: CPU1 sig=0x306c3, pf=0x40, revision=0x0
[   21.279389] microcode: Microcode Update Driver: v2.01 <tigran@aivazian.fsnet.co.uk>, Peter Oruba
[   21.279481] registered taskstats version 1
[   21.279495] Loading compiled-in X.509 certificates
[   21.280048] Loaded X.509 cert 'Build time autogenerated kernel key: 6495e09daeacef0cade9c1ea2246b74b6c79cd53'
[   21.280063] zswap: loaded using pool lzo/zbud
[   21.281191] Key type trusted registered
[   21.283737] Key type encrypted registered
[   21.283742] AppArmor: AppArmor sha1 policy hashing enabled
[   21.283744] ima: No TPM chip found, activating TPM-bypass!
[   21.283764] evm: HMAC attrs: 0x1
[   21.284029]   Magic number: 13:469:650
[   21.284045] tty ttyprintk: hash matches
[   21.294873] rtc_cmos rtc_cmos: setting system clock to 2017-12-23 20:38:35 UTC (1514061515)
[   21.295039] BIOS EDD facility v0.16 2004-Jun-25, 0 devices found
[   21.295039] EDD information not available.
[   21.362804] input: AT Translated Set 2 keyboard as /devices/platform/i8042/serio0/input/input2
[   23.009286] Freeing unused kernel memory: 1492K
[   23.009939] Write protecting the kernel read-only data: 14336k
[   23.011107] Freeing unused kernel memory: 1744K
[   23.012012] Freeing unused kernel memory: 108K
Loading, please wait...
starting version[   23.022257] random: systemd-udevd: uninitialized urandom read (16 bytes read, 3 bits of entropy available)
 229
[   23.022616] random: udevadm: uninitialized urandom read (16 bytes read, 3 bits of entropy available)
[   23.022627] random: udevadm: uninitialized urandom read (16 bytes read, 3 bits of entropy available)
[   23.027523] random: udevadm: uninitialized urandom read (16 bytes read, 3 bits of entropy available)
[   23.027548] random: udevadm: uninitialized urandom read (16 bytes read, 3 bits of entropy available)
[   23.027624] random: udevadm: uninitialized urandom read (16 bytes read, 3 bits of entropy available)
[   23.027651] random: udevadm: uninitialized urandom read (16 bytes read, 3 bits of entropy available)
[   23.027711] random: udevadm: uninitialized urandom read (16 bytes read, 3 bits of entropy available)
[   23.027741] random: udevadm: uninitialized urandom read (16 bytes read, 3 bits of entropy available)
[   23.027766] random: udevadm: uninitialized urandom read (16 bytes read, 3 bits of entropy available)
[   23.110178] ACPI: Video Device [GFX0] (multi-head: yes  rom: no  post: no)
[   23.160783] FUJITSU Extended Socket Network Device Driver - version 1.0 - Copyright (c) 2015 FUJITSU LIMITED
[   23.178790] input: Video Bus as /devices/LNXSYSTM:00/LNXSYBUS:00/PNP0A03:00/LNXVIDEO:00/input/input4
[   23.180464] e1000: Intel(R) PRO/1000 Network Driver - version 7.3.21-k8-NAPI
[   23.181389] e1000: Copyright (c) 1999-2006 Intel Corporation.
[   23.264199] Fusion MPT base driver 3.04.20
[   23.309404] Copyright (c) 1999-2008 LSI Corporation
[   23.320239] Fusion MPT SPI Host driver 3.04.20
[   23.348230] AVX2 version of gcm_enc/dec engaged.
[   23.354293] AES CTR mode by8 optimization enabled
[   23.460251] input: ImExPS/2 Generic Explorer Mouse as /devices/platform/i8042/serio1/input/input5
[   23.675639] e1000 0000:00:03.0 eth0: (PCI:33MHz:32-bit) 02:15:29:52:b1:84
[   23.739268] e1000 0000:00:03.0 eth0: Intel(R) PRO/1000 Network Connection
[   23.748518] mptbase: ioc0: Initiating bringup
[   23.748996] e1000 0000:00:03.0 enp0s3: renamed from eth0
[   23.815859] ioc0: LSI53C1030 A0: Capabilities={Initiator}
[   24.086545] scsi host2: ioc0: LSI53C1030 A0, FwRev=00000000h, Ports=1, MaxQ=256, IRQ=20
[   24.264307] scsi 2:0:0:0: Direct-Access     VBOX     HARDDISK         1.0  PQ: 0 ANSI: 5
[   24.339635] scsi target2:0:0: Beginning Domain Validation
[   24.342637] scsi target2:0:0: Domain Validation skipping write tests
[   24.421274] scsi target2:0:0: Ending Domain Validation
[   24.425405] scsi target2:0:0: asynchronous
[   24.452532] scsi 2:0:1:0: Direct-Access     VBOX     HARDDISK         1.0  PQ: 0 ANSI: 5
[   24.466004] scsi target2:0:1: Beginning Domain Validation
[   24.482222] scsi target2:0:1: Domain Validation skipping write tests
[   24.504145] scsi target2:0:1: Ending Domain Validation
[   24.506477] scsi target2:0:1: asynchronous
[   24.511020] sd 2:0:0:0: [sda] 20971520 512-byte logical blocks: (10.7 GB/10.0 GiB)
[   24.517840] sd 2:0:0:0: Attached scsi generic sg0 type 0
[   24.520235] sd 2:0:1:0: [sdb] 20480 512-byte logical blocks: (10.5 MB/10.0 MiB)
[   24.521440] sd 2:0:0:0: [sda] Write Protect is off
[   24.521534] sd 2:0:1:0: Attached scsi generic sg1 type 0
[   24.523401] sd 2:0:1:0: [sdb] Write Protect is off
[   24.529892] sd 2:0:0:0: [sda] Incomplete mode parameter data
[   24.530666] sd 2:0:0:0: [sda] Assuming drive cache: write through
[   24.544186] sd 2:0:1:0: [sdb] Incomplete mode parameter data
[   24.555564] sd 2:0:1:0: [sdb] Assuming drive cache: write through
[   24.559479]  sda: sda1
[   24.562163] sd 2:0:0:0: [sda] Attached SCSI disk
[   24.593987] sd 2:0:1:0: [sdb] Attached SCSI disk
[   26.391465] floppy0: no floppy controllers found
Begin: Loading e[   27.693851] md: linear personality registered for level -1
ssential drivers ... [   27.736609] md: multipath personality registered for level -4
[   27.746438] md: raid0 personality registered for level 0
[   27.808671] md: raid1 personality registered for level 1
[   27.887190] raid6: sse2x1   gen() 10740 MB/s
[   27.995348] raid6: sse2x1   xor()  8208 MB/s
[   28.103482] raid6: sse2x2   gen() 13292 MB/s
[   28.183519] raid6: sse2x2   xor()  8770 MB/s
[   28.323706] raid6: sse2x4   gen() 16043 MB/s
[   28.403287] raid6: sse2x4   xor() 11027 MB/s
[   28.503424] raid6: avx2x1   gen() 20541 MB/s
[   28.615495] raid6: avx2x2   gen() 24183 MB/s
[   28.711232] raid6: avx2x4   gen() 26169 MB/s
[   28.715687] raid6: using algorithm avx2x4 gen() 26169 MB/s
[   28.716461] raid6: using avx2x2 recovery algorithm
[   28.729045] xor: automatically using best checksumming function:
[   28.767178]    avx       : 23924.000 MB/sec
[   28.794939] async_tx: api initialized (async)
[   28.820977] md: raid6 personality registered for level 6
[   28.833998] md: raid5 personality registered for level 5
[   28.846879] md: raid4 personality registered for level 4
[   28.852309] md: raid10 personality registered for level 10
done.
Begin: Running /scripts/init-premount ... done.
Begin: Mounting root file system ... Begin: Running /scripts/local-top ... done.
Begin: Running /scripts/local-premount ... [   28.887689] Btrfs loaded
Scanning for Btrfs filesystems
done.
Warning: fsck not present, so skipping root file system
[   29.019730] EXT4-fs (sda1): mounted filesystem with ordered data mode. Opts: (null)
done.
Begin: Running /scripts/local-bottom ... done.
Begin: Running /scripts/init-bottom ... done.
[   31.241616] random: nonblocking pool is initialized
[   33.003731] systemd[1]: systemd 229 running in system mode. (+PAM +AUDIT +SELINUX +IMA +APPARMOR +SMACK +SYSVINIT +UTMP +LIBCRYPTSETUP +GCRYPT +GNUTLS +ACL +XZ -LZ4 +SECCOMP +BLKID +ELFUTILS +KMOD -IDN)
[   33.096330] systemd[1]: Detected virtualization oracle.
[   33.099962] systemd[1]: Detected architecture x86-64.

Welcome to [1mUbuntu 16.04.3 LTS[0m!

[   33.236099] systemd[1]: Set hostname to <ubuntu-xenial>.
[   35.174116] systemd[1]: Listening on LVM2 poll daemon socket.
[[0;32m  OK  [0m] Listening on LVM2 poll daemon socket.
[  32133 systemd[1]: Strt Fwa Pswrdeqsts  Wl Dreory at.
[[0;32m  OK  [0m] Started Forward Password Requests to Wall Directory Watch.
[   35.943659] systemd[1]: Listening ondev rn Ske

[[0;32m  OK  [0m] Listening on udev Kernel Socket.
[   36.192216] systemd[1]: Listening on Device-mapper event daemon FIFOs.
[[0;32m  OK  [0m] Listening on Device-mapper event daemon FIFOs.
[   36.199324] systemd[1]: Listening on /dev/initctl Compatibility Named Pipe.
[[0;32m  OK  [0m] Listening on /dev/initctl Compatibility Named Pipe.
[   36.227678] systemd[1]: Set up atounAritra EcublFile rms leSyemutmounPot.
[[0;32m  OK  [0m] Set up automount Arbitrary Executab...ats File System Automount Point.
[ 37488]ysmd1]Listni oud Ctr Ske
[[0;32m  OK  [0m] Listening on udev Control Socket.
[ 37.7282] std[: Lieng onVM2 metada em ske

[[0;32m  OK  [0m] Listening on LVM2 metadata daemon socket.
[   8.76] std[1]: Liseng  JounaSoet.
[[0;32m  OK  [0m] Listening on Journal Socket.
[  387498] stmd]:reedli SteSlice.
[[0;32m  OK  [0m] Created slice System Slice.
[   39.427317] systemd[1]: Starting Uncomplicated firewall...
         Starting Uncomplicated firewall...
[   39.623589] systemd[1]: Starting Monitoring of LVM2 mirrors, snapshots etc. using dmeventd or progress polling...
         Starting Monitoring of LVM2 mirrors... dmeventd or progress polling...
[   39.939741] systemd[1]: Starting Set console keymap...
         Starting Set console keymap...
[   40.099510] systemd[1]: Mounting Debug File System...
         Mounting Debug File System...
[ 40792]ysmd]:reedli steseal2dtty.slice.

[[0;32m  OK  [0m] Created slice system-serial\x2dgetty.slice.
[   40.895581] systemd[1]: Starting Nameserver information manager...
         Starting Nameserver information manager...
[   40.927327] systemd[1]: Mounting Huge Pages File System...
         Mounting Huge Pages File System...
[   41.052333] systemd[1]: Starting Load Kernel Modules...
         Starting Load Kernel Modules...
[   41.235492] systemd[1]: Starting Create list of required static device nodes for the current kernel...
         Starting Create list of required st... nodes for the current kernel...
[   41.426435] systemd[1]: Starting Remount Root and Kernel File Systems...
         Startin[   41.466881] Loading iSCSI transport class v2.0-870.
g Remount Root and Kernel File Systems...
[   41.473913] EXT4-fs (sda1): re-mounted. Opts: (null)
[   42.491785] systemd[1]: Started Trigger resolvconf update for networkd DNS.
[[0;32m  OK  [0m] Started Trigger resolvconf update for networkd DNS.
[   42.695402] systemd[1]: Reached target User and Group Name Lookups.
[[0;32m  OK  [0m] Reached target User and Group Name Lookups.
[   42.733287] systemd[1]: Reached target Swap.
[[0;32m  OK  [0m] Reached target Swap.
[   42.829974] iscsi: registered transport (tcp)
[   42.830063] systemd[1]: Listening on Journal Audit Socket.
[[0;32m  OK  [0m] Listening on Journal Audit Socket.
[   43.035401] systemd[1]: Reached target Encrypted Volumes.
[   43.0568 isirestedrapo (er

[[0;32m  OK  [0m] Reached target Encrypted Volumes.
[   43.509258] systemd[1]: Created slice User and Session Slice.
[[0;32m  OK  [0m] Created slice User and Session Slice.
[   43.510904] systemd[1]: Reached target Slices.
[[0;32m  OK  [0m] Reached target Slices.
[   43.554491] systemd[1]: Listening on Syslog Socket.
[[0;32m  OK  [0m] Listening on Syslog Socket.
[   43.556078] systemd[1]: Listening on Journal Socket (/dev/log).
[[0;32m  OK  [0m] Listening on Journal Socket (/dev/log).
[   43.583514] systemd[1]: Starting Journal Service...
         Starting Journal Service...
[   43.647435] systemd[1]: Mounting POSIX Message Queue File System...
         Mounting POSIX Message Queue File System...
[   43.700136] systemd[1]: Mounted Huge Pages File System.
[[0;32m  OK  [0m] Mounted Huge Pages File System.
[   43.706066] systemd[1]: Mounted POSIX Message Queue File System.
[[0;32m  OK  [0m] Mounted POSIX Message Queue File System.
[   43.713801] systemd[1]: Mounted Debug File System.
[[0;32m  OK  [0m] Mounted Debug File System.
[   43.715610] systemd[1]: Started Uncomplicated firewall.
[[0;32m  OK  [0m] Started Uncomplicated firewall.
[   43.726043] systemd[1]: Started Set console keymap.
[[0;32m  OK  [0m] Started Set console keymap.
[   43.763848] systemd[1]: Started Load Kernel Modules.
[[0;32m  OK  [0m] Started Load Kernel Modules.
[   43.834146] systemd[1]: Started Create list of required static device nodes for the current kernel.
[[0;32m  OK  [0m] Started Create list of required sta...ce nodes for the current kernel.
[   43.916272] systemd[1]: Started Remount Root and Kernel File Systems.
[[0;32m  OK  [0m] Started Remount Root and Kernel File Systems.
[   44.111751] systemd[1]: Started Nameserver information manager.
[[0;32m  OK  [0m] Started Nameserver information manager.
[   44.136040] systemd[1]: Started Journal Service.
[[0;32m  OK  [0m] Started Journal Service.
[[0;32m  OK  [0m] Started LVM2 metadata daemon.
         Starting Initial cloud-init job (pre-networking)...
         Starting Load/Save Random Seed...
         Starting Flush Journal to Persistent Storage...
         Starting udev Coldplug all Devices...
         Starting Create Static Device Nodes in /dev...
         Starting Apply Kernel Variables...
         Mounting FUSE Control File System...
[[0;32m  OK  [0m] Mounted FUSE Control File System.
[[0;32m  OK  [0m] Started Load/Save Random Seed.
[   44.821509] systemd-journald[418]: Received request to flush runtime journal from PID 1
[[0;32m  OK  [0m] Started udev Coldplug all Devices.
[[0;32m  OK  [0m] Started Apply Kernel Variables.
[[0;32m  OK  [0m] Started Flush Journal to Persistent Storage.
[[0;32m  OK  [0m] Started Monitoring of LVM2 mirrors,...ng dmeventd or progress polling.
[[0;32m  OK  [0m] Started Create Static Device Nodes in /dev.
         Starting udev Kernel Device Manager...
[[0;32m  OK  [0m] Started udev Kernel Device Manager.
[[0;32m  OK  [0m] Started Dispatch Password Requests to Console Directory Watch.
[[0;32m  OK  [0m] Reached target Local File Systems (Pre).
[[0;32m  OK  [0m] Reached target Local File Systems.
         Starting Tell Plymouth To Write Out Runtime Data...
         Starting Create Volatile Files and Directories...
         Starting LSB: AppArmor initialization...
         Starting Set console font and keymap...
[[0;32m  OK  [0m] Started Tell Plymouth To Write Out Runtime Data.
[[0;32m  OK  [0m] Found device /dev/ttyS0.
[   48.300201] intel_rapl: no valid rapl domains found in package 0
[   48.354143] intel_rapl: no valid rapl domains found in package 0
[[0;32m  OK  [0m] Started Create Volatile Files and Directories.
[[0;32m  OK  [0m] Reached target System Time Synchronized.
         Starting Update UTMP about System Boot/Shutdown...
[[0;32m  OK  [0m] Started Set console font and keymap.
[[0;32m  OK  [0m] Created slice system-getty.slice.
[[0;32m  OK  [0m] Found device 82540EM Gigabit Ethern...r (PRO/1000 MT Desktop Adapter).
[[0;32m  OK  [0m] Started Update UTMP about System Boot/Shutdown.
[[0;32m  OK  [0m] Listening on Load/Save RF Kill Switch Status /dev/rfkill Watch.
[[0;32m  OK  [0m] Reached target Sound Card.
[[0;32m  OK  [0m] Started LSB: AppArmor initialization.
[   42.645064] cloud-init[440]: Cloud-init v. 17.1 running 'init-local' at Sat, 23 Dec 2017 20:39:10 +0000. Up 41.22 seconds.
[[0;32m  OK  [0m] Started Initial cloud-init job (pre-networking).
[[0;32m  OK  [0m] Reached target Network (Pre).
         Starting Raise network interfaces...
[[0;32m  OK  [0m] Started ifup for enp0s3.
[[0;32m  OK  [0m] Started Raise network interfaces.
[[0;32m  OK  [0m] Reached target Network.
         Starting Initial cloud-init job (metadata service crawler)...
[   45.038214] cloud-init[995]: Cloud-init v. 17.1 running 'init' at Sat, 23 Dec 2017 20:39:12 +0000. Up 43.47 seconds.
[   45.108540] cloud-init[995]: ci-info: +++++++++++++++++++++++++++++++++++++Net device info++++++++++++++++++++++++++++++++++++++
[   45.118874] cloud-init[995]: ci-info: +--------+------+----------------------------+---------------+-------+-------------------+
[[0;32m  OK  [0m] Started Initial cloud-init job (metadata service crawler).
[   45.163434] cloud-init[995]: ci-info: | Device |  Up  |          Address           |      Mask     | Scope |     Hw-Address    |
[   45.324341] cloud-init[995]: ci-info: +--------+------+----------------------------+---------------+-------+-------------------+
[   45.356350] cloud-init[995]: ci-info: | enp0s3 | True |         10.0.2.15          | 255.255.255.0 |   .   | 02:15:29:52:b1:84 |
[   45.472995] cloud-init[995]: ci-info: | enp0s3 | True | fe80::15:29ff:fe52:b184/64 |       .       |  link | 02:15:29:52:b1:84 |
[   45.554366] cloud-init[995]: ci-info: |   lo   | True |         127.0.0.1          |   255.0.0.0   |   .   |         .         |
[   45.592171] cloud-init[995]: ci-info: |   lo   | True |          ::1/128           |       .       |  host |         .         |
[   45.602325] cloud-init[995]: ci-info: +--------+------+----------------------------+---------------+-------+-------------------+
[[0;32m  OK  [0m] Reached target Cloud-config availability.
[[0;32m  OK  [0m] Reached target Network is Online.
[   45.609572] cloud-init[995]: ci-info: +++++++++++++++++++++++++++Route IPv4 info++++++++++++++++++++++++++++
[   45.624841] cloud-init[995]: ci-info: +-------+-------------+----------+---------------+-----------+-------+
[   45.640589] cloud-init[995]: ci-info: | Route | Destination | Gateway  |    Genmask    | Interface | Flags |
[   45.733541] cloud-init[995]: ci-info: +-------+-------------+----------+---------------+-----------+-------+
[   45.734180] cloud-init[995]: ci-info: |   0   |   0.0.0.0   | 10.0.2.2 |    0.0.0.0    |   enp0s3  |   UG  |
         Starting iSCSI initiator daemon (iscsid)...
[   45.734360] cloud-init[995]: ci-info: |   1   |   10.0.2.0  | 0.0.0.0  | 255.255.255.0 |   enp0s3  |   U   |
[   45.984835] cloud-init[995]: ci-info: +-------+-------------+----------+---------------+-----------+-------+
[[0;32m  OK  [0m] Reached target System Initialization.
[[0;32m  OK  [0m] Listening on D-Bus System Message Bus Socket.
[[0;32m  OK  [0m] Started Daily apt download activities.
[[0;32m  OK  [0m] Started Daily apt upgrade and clean activities.
[[0;32m  OK  [0m] Listening on UUID daemon activation socket.
[[0;32m  OK  [0m] Started Daily Cleanup of Temporary Directories.
[[0;32m  OK  [0m] Listening on ACPID Listen Socket.
[[0;32m  OK  [0m] Started ACPI Events Check.
[[0;32m  OK  [0m] Reached target Paths.
         Starting LXD - unix socket.
         Starting Socket activation for snappy daemon.
[[0;32m  OK  [0m] Started Timer to automatically refresh installed snaps.
[[0;32m  OK  [0m] Reached target Timers.
[[0;32m  OK  [0m] Listening on LXD - unix socket.
[[0;32m  OK  [0m] Listening on Socket activation for snappy daemon.
[[0;32m  OK  [0m] Started iSCSI initiator daemon (iscsid).
         Starting Login to default iSCSI targets...
[[0;32m  OK  [0m] Reached target Sockets.
[[0;32m  OK  [0m] Reached target Basic System.
         Starting /etc/rc.local Compatibility...
         Starting LSB: MD monitoring daemon...
[[0;32m  OK  [0m] Started Unattended Upgrades Shutdown.
[[0;32m  OK  [0m] Started ACPI event daemon.
[[0;32m  OK  [0m] Started D-Bus System Message Bus.
         Starting LSB: Record successful boot for GRUB...
         Starting System Logging Service...
         Starting Snappy daemon...
         Starting Accounts Service...
[[0;32m  OK  [0m] Started Deferred execution scheduler.
[[0;32m  OK  [0m] Started Regular background program processing daemon.
[[0;32m  OK  [0m] Started FUSE filesystem for LXC.
         Starting OpenBSD Secure Shell server...
         Starting Login Service...
         Starting LXD - container startup/shutdown...
         Starting Apply the settings specified in cloud-config...
         Starting Save/Restore Sound Card State...
[[0;32m  OK  [0m] Started System Logging Service.
[[0;32m  OK  [0m] Started /etc/rc.local Compatibility.
[[0;32m  OK  [0m] Started Save/Restore Sound Card State.
[[0;32m  OK  [0m] Started Login to default iSCSI targets.
[[0;32m  OK  [0m] Reached target Remote File Systems (Pre).
[[0;32m  OK  [0m] Reached target Remote File Systems.
         Starting LSB: Set the CPU Frequency Scaling governor to "ondemand"...
         Starting Permit User Sessions...
         Starting LSB: automatic crash report generation...
         Starting LSB: No Display Manager...
         Starting LSB: daemon to balance interrupts for SMP systems...
         Starting LSB: VirtualBox Linux Additions...
[[0;32m  OK  [0m] Started Login Service.
[[0;32m  OK  [0m] Started LSB: Set the CPU Frequency Scaling governor to "ondemand".
[[0;32m  OK  [0m] Started LSB: Record successful boot for GRUB.
[[0;32m  OK  [0m] Started Permit User Sessions.
         Starting Hold until boot process finishes up...
         Starting Terminate Plymouth Boot Screen...
[[0;32m  OK  [0m] Started LSB: MD monitoring daemon.
[[0;32m  OK  [0m] Started Hold until boot process finishes up.
[[0;32m  OK  [0m] Started Terminate Plymouth Boot Screen.
         Starting Set console scheme...
[[0;32m  OK  [0m] Started Getty on tty1.
[[0;32m  OK  [0m] Started Serial Getty on ttyS0.
[[0;32m  OK  [0m] Reached target Login Prompts.
[[0;32m  OK  [0m] Started LSB: No Display Manager.
[[0;32m  OK  [0m] Started LSB: daemon to balance interrupts for SMP systems.
[[0;32m  OK  [0m] Started Set console scheme.
         Starting Authenticate and Authorize Users to Run Privileged Tasks...
[[0;32m  OK  [0m] Started LSB: automatic crash report generation.
[   51.344862] cloud-init[1094]: Cloud-init v. 17.1 running 'modules:config' at Sat, 23 Dec 2017 20:39:17 +0000. Up 48.69 seconds.
[[0;32m  OK  [0m] Started Apply the settings specified in cloud-config.
[[0;32m  OK  [0m] Started Authenticate and Authorize Users to Run Privileged Tasks.
[[0;32m  OK  [0m] Started Accounts Service.
[[0;32m  OK  [0m] Started LSB: VirtualBox Linux Additions.
[[0;32m  OK  [0m] Started OpenBSD Secure Shell server.

Ubuntu 16.04.3 LTS ubuntu-xenial ttyS0

ubuntu-xenial login: [   57.780480] cloud-init[1244]: Cloud-init v. 17.1 running 'modules:final' at Sat, 23 Dec 2017 20:39:25 +0000. Up 57.19 seconds.
[   57.780808] cloud-init[1244]: Cloud-init v. 17.1 finished at Sat, 23 Dec 2017 20:39:26 +0000. Datasource DataSourceNoCloud [seed=/dev/sdb][dsmode=net].  Up 57.77 seconds
         Stopping Session c1 of n         Stopping Unattended Upgrades Shutdown...
         Stopping Session 2 of user ubuntu.
[[0;32m  OK  [0m] Unmounted /var/lib/lxcfs.
[[0;32m  OK  [0m] Stopped ACPI event daemon.
[[0;32m  OK  [0m] Stopped System Logging Service.
[[0;32m  OK  [0m] Stopped Snappy daemon.
[[0;32m  OK  [0m] Stopped Accounts Service.
[[0;32m  OK  [0m] Stopped Deferred execution scheduler.
[[0;32m  OK  [0m] Stopped Regular background program processing daemon.
[[0;32m  OK  [0m] Stopped OpenBSD Secure Shell server.
[[0;32m  OK  [0m] Stopped Getty on tty1.
[[0;32m  OK  [0m] Stopped Serial Getty on ttyS0.
[[0;32m  OK  [0m] Stopped Authenticate and Authorize Users to Run Privileged Tasks.
[[0;32m  OK  [0m] Stopped User Manager for UID 1000.
[[0;32m  OK  [0m] Stopped RealtimeKit Scheduling Policy Service.
[[0;32m  OK  [0m] Stopped Session c1 of user ubuntu.
[[0;32m  OK  [0m] Stopped D-Bus System Message Bus.
[[0;32m  OK  [0m] Stopped Save/Restore Sound Card State.
[[0;32m  OK  [0m] Stopped Unattended Upgrades Shutdown.
[[0;32m  OK  [0m] Stopped Session 2 of user ubuntu.
[[0;32m  OK  [0m] Stopped FUSE filesystem for LXC.
[[0;32m  OK  [0m] Stopped LSB: Set the CPU Frequency Scaling governor to "ondemand".
[[0;32m  OK  [0m] Stopped LSB: MD monitoring daemon.
[[0;32m  OK  [0m] Stopped LSB: automatic crash report generation.
[[0;32m  OK  [0m] Stopped LSB: Record successful boot for GRUB.
[[0;32m  OK  [0m] Stopped LSB: daemon to balance interrupts for SMP systems.
[[0;32m  OK  [0m] Stopped LXD - container startup/shutdown.
[[0;32m  OK  [0m] Stopped LSB: No Display Manager.
[[0;32m  OK  [0m] Stopped LSB: VirtualBox Linux Additions.
[[0;32m  OK  [0m] Removed slice system-serial\x2dgetty.slice.
[[0;32m  OK  [0m] Stopped /etc/rc.local Compatibility.
[[0;32m  OK  [0m] Removed slice system-getty.slice.
[[0;32m  OK  [0m] Stopped Session 3 of user ubuntu.
[[0;32m  OK  [0m] Removed slice User Slice of ubuntu.
         Stopping Login Service...
         Stopping Permit User Sessions...
[[0;32m  OK  [0m] Stopped Login Service.
[[0;32m  OK  [0m] Stopped Permit User Sessions.
[[0;32m  OK  [0m] Stopped target Remote File Systems.
[[0;32m  OK  [0m] Stopped target Remote File Systems (Pre).
         Stopping Login to default iSCSI targets...
[[0;32m  OK  [0m] Stopped target Basic System.
[[0;32m  OK  [0m] Stopped target Sockets.
[[0;32m  OK  [0m] Closed LXD - unix socket.
[[0;32m  OK  [0m] Closed UUID daemon activation socket.
[[0;32m  OK  [0m] Closed ACPID Listen Socket.
[[0;32m  OK  [0m] Closed Syslog Socket.
[[0;32m  OK  [0m] Closed Socket activation for snappy daemon.
[[0;32m  OK  [0m] Stopped target Paths.
[[0;32m  OK  [0m] Stopped Dispatch Password Requests to Console Directory Watch.
[[0;32m  OK  [0m] Stopped Forward Password Requests to Wall Directory Watch.
[[0;32m  OK  [0m] Stopped ACPI Events Check.
[[0;32m  OK  [0m] Stopped target Slices.
[[0;32m  OK  [0m] Removed slice User and Session Slice.
[[0;32m  OK  [0m] Closed D-Bus System Message Bus Socket.
[[0;32m  OK  [0m] Stopped target System Initialization.
         Stopping Load/Save Random Seed...
[[0;32m  OK  [0m] Stopped target Encrypted Volumes.
[[0;32m  OK  [0m] Stopped Create Volatile Files and Directories.
[[0;32m  OK  [0m] Stopped target Swap.
[[0;32m  OK  [0m] Stopped target User and Group Name Lookups.
[[0;32m  OK  [0m] Stopped Load/Save Random Seed.
[[0;32m  OK  [0m] Stopped Login to default iSCSI targets.
         Stopping iSCSI initiator daemon (iscsid)...
[[0;32m  OK  [0m] Stopped iSCSI initiator daemon (iscsid).
[[0;32m  OK  [0m] Stopped target Network is Online.
[[0;32m  OK  [0m] Stopped Initial cloud-init job (metadata service crawler).
[[0;32m  OK  [0m] Stopped target Network.
         Stopping Raise network interfaces...
[[0;32m  OK  [0m] Stopped Raise network interfaces.
[[0;32m  OK  [0m] Stopped Apply Kernel Variables.
[[0;32m  OK  [0m] Stopped target Local File Systems.
         Unmounting /run/user/1000...
         Unmounting /vagrant...
[[0;32m  OK  [0m] Stopped Load Kernel Modules.
[[0;32m  OK  [0m] Stopped target Network (Pre).
[[0;32m  OK  [0m] Stopped Initial cloud-init job (pre-networking).
[[0;32m  OK  [0m] Unmounted /run/user/1000.
[[0;32m  OK  [0m] Unmounted /vagrant.
[[0;32m  OK  [0m] Reached target Unmount All Filesystems.
[[0;32m  OK  [0m] Stopped target Local File Systems (Pre).
[[0;32m  OK  [0m] Stopped Remount Root and Kernel File Systems.
[[0;32m  OK  [0m] Stopped Create Static Device Nodes in /dev.
[[0;32m  OK  [0m] Reached target Shutdown.
[  192.030341] reboot: Power down